*** Starting uWSGI 2.0.17 (64bit) on [Sat Jul  7 16:25:31 2018] ***
compiled with version: 4.2.1 Compatible Apple LLVM 9.1.0 (clang-902.0.39.2) on 07 July 2018 02:21:17
os: Darwin-17.6.0 Darwin Kernel Version 17.6.0: Tue May  8 15:22:16 PDT 2018; root:xnu-4570.61.1~1/RELEASE_X86_64
nodename: 49-159-48-30.dynamic.elinx.com.tw
machine: x86_64
clock source: unix
pcre jit disabled
detected number of CPU cores: 4
current working directory: /Users/mac/Desktop/Python-Django
writing pidfile to /Users/mac/Desktop/python-django/mysite.pid
detected binary path: /usr/local/bin/uwsgi
chdir() to /Users/mac/Desktop/python-django/mysite
your processes number limit is 709
your memory page size is 4096 bytes
detected max file descriptor number: 10240
lock engine: OSX spinlocks
thunder lock: disabled (you can enable it with --thunder-lock)
uwsgi socket 0 bound to UNIX address /Users/mac/Desktop/python-django/mysite.sock fd 3
Python version: 3.7.0 (default, Jun 29 2018, 20:13:13)  [Clang 9.1.0 (clang-902.0.39.2)]
*** Python threads support is disabled. You can enable it with --enable-threads ***
Python main interpreter initialized at 0x7f9252e02a20
your server socket listen backlog is limited to 100 connections
your mercy for graceful operations on workers is 60 seconds
mapped 801768 bytes (782 KB) for 10 cores
*** Operational MODE: preforking ***
WSGI app 0 (mountpoint='') ready in 1 seconds on interpreter 0x7f9252e02a20 pid: 69852 (default app)
*** uWSGI is running in multiple interpreter mode ***
spawned uWSGI master process (pid: 69852)
spawned uWSGI worker 1 (pid: 69906, cores: 1)
spawned uWSGI worker 2 (pid: 69907, cores: 1)
spawned uWSGI worker 3 (pid: 69908, cores: 1)
spawned uWSGI worker 4 (pid: 69909, cores: 1)
spawned uWSGI worker 5 (pid: 69910, cores: 1)
spawned uWSGI worker 6 (pid: 69911, cores: 1)
spawned uWSGI worker 7 (pid: 69912, cores: 1)
spawned uWSGI worker 8 (pid: 69913, cores: 1)
spawned uWSGI worker 9 (pid: 69914, cores: 1)
spawned uWSGI worker 10 (pid: 69915, cores: 1)
Not Found: /robots.txt
[pid: 69914|app: 0|req: 1/1] 127.0.0.1 () {38 vars in 610 bytes} [Sat Jul  7 08:25:49 2018] GET /robots.txt => generated 2578 bytes in 50 msecs (HTTP/1.1 404) 3 headers in 102 bytes (1 switches on core 0)
[pid: 69915|app: 0|req: 1/2] 127.0.0.1 () {42 vars in 887 bytes} [Sat Jul  7 08:25:49 2018] GET / => generated 12461 bytes in 163 msecs (HTTP/1.1 200) 3 headers in 111 bytes (4 switches on core 0)
[pid: 69911|app: 0|req: 1/3] 127.0.0.1 () {44 vars in 939 bytes} [Sat Jul  7 08:25:54 2018] GET /post/1/ => generated 2473 bytes in 144 msecs (HTTP/1.1 200) 3 headers in 110 bytes (1 switches on core 0)
SIGINT/SIGQUIT received...killing workers...
worker 10 buried after 1 seconds
worker 9 buried after 1 seconds
worker 8 buried after 1 seconds
worker 7 buried after 1 seconds
worker 6 buried after 1 seconds
worker 5 buried after 1 seconds
worker 4 buried after 1 seconds
worker 3 buried after 1 seconds
worker 2 buried after 1 seconds
worker 1 buried after 1 seconds
goodbye to uWSGI.
VACUUM: pidfile removed.
VACUUM: unix socket /Users/mac/Desktop/python-django/mysite.sock removed.
*** Starting uWSGI 2.0.17 (64bit) on [Sat Jul  7 16:26:10 2018] ***
compiled with version: 4.2.1 Compatible Apple LLVM 9.1.0 (clang-902.0.39.2) on 07 July 2018 02:21:17
os: Darwin-17.6.0 Darwin Kernel Version 17.6.0: Tue May  8 15:22:16 PDT 2018; root:xnu-4570.61.1~1/RELEASE_X86_64
nodename: 49-159-48-30.dynamic.elinx.com.tw
machine: x86_64
clock source: unix
pcre jit disabled
detected number of CPU cores: 4
current working directory: /Users/mac/Desktop/Python-Django
writing pidfile to /Users/mac/Desktop/python-django/mysite.pid
detected binary path: /usr/local/bin/uwsgi
chdir() to /Users/mac/Desktop/python-django/mysite
your processes number limit is 709
your memory page size is 4096 bytes
detected max file descriptor number: 10240
lock engine: OSX spinlocks
thunder lock: disabled (you can enable it with --thunder-lock)
uwsgi socket 0 bound to UNIX address /Users/mac/Desktop/python-django/mysite.sock fd 3
Python version: 3.7.0 (default, Jun 29 2018, 20:13:13)  [Clang 9.1.0 (clang-902.0.39.2)]
*** Python threads support is disabled. You can enable it with --enable-threads ***
Python main interpreter initialized at 0x7f93c9505a10
your server socket listen backlog is limited to 100 connections
your mercy for graceful operations on workers is 60 seconds
mapped 801768 bytes (782 KB) for 10 cores
*** Operational MODE: preforking ***
WSGI app 0 (mountpoint='') ready in 1 seconds on interpreter 0x7f93c9505a10 pid: 70016 (default app)
*** uWSGI is running in multiple interpreter mode ***
spawned uWSGI master process (pid: 70016)
spawned uWSGI worker 1 (pid: 70072, cores: 1)
spawned uWSGI worker 2 (pid: 70073, cores: 1)
spawned uWSGI worker 3 (pid: 70074, cores: 1)
spawned uWSGI worker 4 (pid: 70075, cores: 1)
spawned uWSGI worker 5 (pid: 70076, cores: 1)
spawned uWSGI worker 6 (pid: 70077, cores: 1)
spawned uWSGI worker 7 (pid: 70078, cores: 1)
spawned uWSGI worker 8 (pid: 70079, cores: 1)
spawned uWSGI worker 9 (pid: 70080, cores: 1)
spawned uWSGI worker 10 (pid: 70081, cores: 1)
SIGINT/SIGQUIT received...killing workers...
worker 10 buried after 1 seconds
worker 9 buried after 1 seconds
worker 8 buried after 1 seconds
worker 7 buried after 1 seconds
worker 6 buried after 1 seconds
worker 5 buried after 1 seconds
worker 4 buried after 1 seconds
worker 3 buried after 1 seconds
worker 2 buried after 1 seconds
worker 1 buried after 1 seconds
goodbye to uWSGI.
VACUUM: pidfile removed.
VACUUM: unix socket /Users/mac/Desktop/python-django/mysite.sock removed.
*** Starting uWSGI 2.0.17 (64bit) on [Sat Jul  7 16:26:58 2018] ***
compiled with version: 4.2.1 Compatible Apple LLVM 9.1.0 (clang-902.0.39.2) on 07 July 2018 02:21:17
os: Darwin-17.6.0 Darwin Kernel Version 17.6.0: Tue May  8 15:22:16 PDT 2018; root:xnu-4570.61.1~1/RELEASE_X86_64
nodename: 49-159-48-30.dynamic.elinx.com.tw
machine: x86_64
clock source: unix
pcre jit disabled
detected number of CPU cores: 4
current working directory: /Users/mac/Desktop/Python-Django
writing pidfile to /Users/mac/Desktop/python-django/mysite.pid
detected binary path: /usr/local/bin/uwsgi
chdir() to /Users/mac/Desktop/python-django/mysite
your processes number limit is 709
your memory page size is 4096 bytes
detected max file descriptor number: 10240
lock engine: OSX spinlocks
thunder lock: disabled (you can enable it with --thunder-lock)
uwsgi socket 0 bound to UNIX address /Users/mac/Desktop/python-django/mysite.sock fd 3
Python version: 3.7.0 (default, Jun 29 2018, 20:13:13)  [Clang 9.1.0 (clang-902.0.39.2)]
*** Python threads support is disabled. You can enable it with --enable-threads ***
Python main interpreter initialized at 0x7fbc16d09700
your server socket listen backlog is limited to 100 connections
your mercy for graceful operations on workers is 60 seconds
mapped 801768 bytes (782 KB) for 10 cores
*** Operational MODE: preforking ***
WSGI app 0 (mountpoint='') ready in 1 seconds on interpreter 0x7fbc16d09700 pid: 70253 (default app)
*** uWSGI is running in multiple interpreter mode ***
spawned uWSGI master process (pid: 70253)
spawned uWSGI worker 1 (pid: 70307, cores: 1)
spawned uWSGI worker 2 (pid: 70308, cores: 1)
spawned uWSGI worker 3 (pid: 70309, cores: 1)
spawned uWSGI worker 4 (pid: 70310, cores: 1)
spawned uWSGI worker 5 (pid: 70311, cores: 1)
spawned uWSGI worker 6 (pid: 70312, cores: 1)
spawned uWSGI worker 7 (pid: 70313, cores: 1)
spawned uWSGI worker 8 (pid: 70314, cores: 1)
spawned uWSGI worker 9 (pid: 70315, cores: 1)
spawned uWSGI worker 10 (pid: 70316, cores: 1)
SIGINT/SIGQUIT received...killing workers...
worker 10 buried after 1 seconds
worker 9 buried after 1 seconds
worker 8 buried after 1 seconds
worker 7 buried after 1 seconds
worker 6 buried after 1 seconds
worker 5 buried after 1 seconds
worker 4 buried after 1 seconds
worker 3 buried after 1 seconds
worker 2 buried after 1 seconds
worker 1 buried after 1 seconds
goodbye to uWSGI.
VACUUM: pidfile removed.
VACUUM: unix socket /Users/mac/Desktop/python-django/mysite.sock removed.
*** Starting uWSGI 2.0.17 (64bit) on [Sat Jul  7 16:27:07 2018] ***
compiled with version: 4.2.1 Compatible Apple LLVM 9.1.0 (clang-902.0.39.2) on 07 July 2018 02:21:17
os: Darwin-17.6.0 Darwin Kernel Version 17.6.0: Tue May  8 15:22:16 PDT 2018; root:xnu-4570.61.1~1/RELEASE_X86_64
nodename: 49-159-48-30.dynamic.elinx.com.tw
machine: x86_64
clock source: unix
pcre jit disabled
detected number of CPU cores: 4
current working directory: /Users/mac/Desktop/Python-Django
writing pidfile to /Users/mac/Desktop/python-django/mysite.pid
detected binary path: /usr/local/bin/uwsgi
chdir() to /Users/mac/Desktop/python-django/mysite
your processes number limit is 709
your memory page size is 4096 bytes
detected max file descriptor number: 10240
lock engine: OSX spinlocks
thunder lock: disabled (you can enable it with --thunder-lock)
uwsgi socket 0 bound to UNIX address /Users/mac/Desktop/python-django/mysite.sock fd 3
Python version: 3.7.0 (default, Jun 29 2018, 20:13:13)  [Clang 9.1.0 (clang-902.0.39.2)]
*** Python threads support is disabled. You can enable it with --enable-threads ***
Python main interpreter initialized at 0x7ff35c40b3f0
your server socket listen backlog is limited to 100 connections
your mercy for graceful operations on workers is 60 seconds
mapped 801768 bytes (782 KB) for 10 cores
*** Operational MODE: preforking ***
WSGI app 0 (mountpoint='') ready in 1 seconds on interpreter 0x7ff35c40b3f0 pid: 70401 (default app)
*** uWSGI is running in multiple interpreter mode ***
spawned uWSGI master process (pid: 70401)
spawned uWSGI worker 1 (pid: 70455, cores: 1)
spawned uWSGI worker 2 (pid: 70456, cores: 1)
spawned uWSGI worker 3 (pid: 70457, cores: 1)
spawned uWSGI worker 4 (pid: 70458, cores: 1)
spawned uWSGI worker 5 (pid: 70459, cores: 1)
spawned uWSGI worker 6 (pid: 70460, cores: 1)
spawned uWSGI worker 7 (pid: 70461, cores: 1)
spawned uWSGI worker 8 (pid: 70462, cores: 1)
spawned uWSGI worker 9 (pid: 70463, cores: 1)
spawned uWSGI worker 10 (pid: 70464, cores: 1)
SIGINT/SIGQUIT received...killing workers...
worker 10 buried after 1 seconds
worker 9 buried after 1 seconds
worker 8 buried after 1 seconds
worker 7 buried after 1 seconds
worker 6 buried after 1 seconds
worker 5 buried after 1 seconds
worker 4 buried after 1 seconds
worker 3 buried after 1 seconds
worker 2 buried after 1 seconds
worker 1 buried after 1 seconds
goodbye to uWSGI.
VACUUM: pidfile removed.
VACUUM: unix socket /Users/mac/Desktop/python-django/mysite.sock removed.
*** Starting uWSGI 2.0.17 (64bit) on [Sat Jul  7 16:27:54 2018] ***
compiled with version: 4.2.1 Compatible Apple LLVM 9.1.0 (clang-902.0.39.2) on 07 July 2018 02:21:17
os: Darwin-17.6.0 Darwin Kernel Version 17.6.0: Tue May  8 15:22:16 PDT 2018; root:xnu-4570.61.1~1/RELEASE_X86_64
nodename: 49-159-48-30.dynamic.elinx.com.tw
machine: x86_64
clock source: unix
pcre jit disabled
detected number of CPU cores: 4
current working directory: /Users/mac/Desktop/Python-Django
writing pidfile to /Users/mac/Desktop/python-django/mysite.pid
detected binary path: /usr/local/bin/uwsgi
chdir() to /Users/mac/Desktop/python-django/mysite
your processes number limit is 709
your memory page size is 4096 bytes
detected max file descriptor number: 10240
lock engine: OSX spinlocks
thunder lock: disabled (you can enable it with --thunder-lock)
uwsgi socket 0 bound to UNIX address /Users/mac/Desktop/python-django/mysite.sock fd 3
Python version: 3.7.0 (default, Jun 29 2018, 20:13:13)  [Clang 9.1.0 (clang-902.0.39.2)]
*** Python threads support is disabled. You can enable it with --enable-threads ***
Python main interpreter initialized at 0x7fe2c6704750
your server socket listen backlog is limited to 100 connections
your mercy for graceful operations on workers is 60 seconds
mapped 801768 bytes (782 KB) for 10 cores
*** Operational MODE: preforking ***
WSGI app 0 (mountpoint='') ready in 2 seconds on interpreter 0x7fe2c6704750 pid: 70634 (default app)
*** uWSGI is running in multiple interpreter mode ***
spawned uWSGI master process (pid: 70634)
spawned uWSGI worker 1 (pid: 70688, cores: 1)
spawned uWSGI worker 2 (pid: 70689, cores: 1)
spawned uWSGI worker 3 (pid: 70690, cores: 1)
spawned uWSGI worker 4 (pid: 70691, cores: 1)
spawned uWSGI worker 5 (pid: 70693, cores: 1)
spawned uWSGI worker 6 (pid: 70694, cores: 1)
spawned uWSGI worker 7 (pid: 70695, cores: 1)
spawned uWSGI worker 8 (pid: 70696, cores: 1)
spawned uWSGI worker 9 (pid: 70697, cores: 1)
spawned uWSGI worker 10 (pid: 70698, cores: 1)
[pid: 70695|app: 0|req: 1/1] 127.0.0.1 () {44 vars in 918 bytes} [Sat Jul  7 08:28:00 2018] GET / => generated 12461 bytes in 124 msecs (HTTP/1.1 200) 3 headers in 111 bytes (4 switches on core 0)
[pid: 70696|app: 0|req: 1/2] 127.0.0.1 () {44 vars in 918 bytes} [Sat Jul  7 08:28:01 2018] GET / => generated 12461 bytes in 50 msecs (HTTP/1.1 200) 3 headers in 111 bytes (3 switches on core 0)
SIGINT/SIGQUIT received...killing workers...
worker 10 buried after 1 seconds
worker 9 buried after 1 seconds
worker 8 buried after 1 seconds
worker 7 buried after 1 seconds
worker 6 buried after 1 seconds
worker 5 buried after 1 seconds
worker 4 buried after 1 seconds
worker 3 buried after 1 seconds
worker 2 buried after 1 seconds
worker 1 buried after 1 seconds
goodbye to uWSGI.
VACUUM: pidfile removed.
VACUUM: unix socket /Users/mac/Desktop/python-django/mysite.sock removed.
